ProjectUpdateNew/app/build/intermediates/manifest_merge_blame_file/debug/manifest-merger-blame-debug-report.txt
1<?xml version="1.0" encoding="utf-8"?>
2<manifest xmlns:android="http://schemas.android.com/apk/res/android"
3    package="com.example.projecthk1_2023_2024"
4    android:versionCode="1"
5    android:versionName="1.0" >
6
7    <uses-sdk
8        android:minSdkVersion="24"
9        android:targetSdkVersion="33" />
10
11    <uses-permission android:name="android.permission.INTERNET" />
11-->src\main\AndroidManifest.xml:4:5-66
11-->src\main\AndroidManifest.xml:4:22-64
12    <uses-permission android:name="android.permission.ACCESS_NETWORK_STATE" />
12-->[com.google.firebase:firebase-auth:22.2.0] AndroidManifest.xml:26:5-79
12-->[com.google.firebase:firebase-auth:22.2.0] AndroidManifest.xml:26:22-76
13    <uses-permission android:name="android.permission.WAKE_LOCK" />
13-->[com.google.android.gms:play-services-measurement-api:21.4.0] AndroidManifest.xml:24:5-68
13-->[com.google.android.gms:play-services-measurement-api:21.4.0] AndroidManifest.xml:24:22-65
14    <uses-permission android:name="com.google.android.gms.permission.AD_ID" />
14-->[com.google.android.gms:play-services-measurement-api:21.4.0] AndroidManifest.xml:25:5-79
14-->[com.google.android.gms:play-services-measurement-api:21.4.0] AndroidManifest.xml:25:22-76
15    <uses-permission android:name="com.google.android.finsky.permission.BIND_GET_INSTALL_REFERRER_SERVICE" />
15-->[com.google.android.gms:play-services-measurement:21.4.0] AndroidManifest.xml:26:5-110
15-->[com.google.android.gms:play-services-measurement:21.4.0] AndroidManifest.xml:26:22-107
16
17    <permission
17-->[androidx.core:core:1.9.0] AndroidManifest.xml:22:5-24:47
18        android:name="com.example.projecthk1_2023_2024.DYNAMIC_RECEIVER_NOT_EXPORTED_PERMISSION"
18-->[androidx.core:core:1.9.0] AndroidManifest.xml:23:9-81
19        android:protectionLevel="signature" />
19-->[androidx.core:core:1.9.0] AndroidManifest.xml:24:9-44
20
21    <uses-permission android:name="com.example.projecthk1_2023_2024.DYNAMIC_RECEIVER_NOT_EXPORTED_PERMISSION" />
21-->[androidx.core:core:1.9.0] AndroidManifest.xml:26:5-97
21-->[androidx.core:core:1.9.0] AndroidManifest.xml:26:22-94
22
23    <application
23-->src\main\AndroidManifest.xml:5:5-55:19
24        android:allowBackup="true"
24-->src\main\AndroidManifest.xml:6:9-35
25        android:appComponentFactory="androidx.core.app.CoreComponentFactory"
25-->[androidx.core:core:1.9.0] AndroidManifest.xml:28:18-86
26        android:dataExtractionRules="@xml/data_extraction_rules"
26-->src\main\AndroidManifest.xml:7:9-65
27        android:debuggable="true"
28        android:extractNativeLibs="false"
29        android:fullBackupContent="@xml/backup_rules"
29-->src\main\AndroidManifest.xml:8:9-54
30        android:icon="@mipmap/ic_launcher"
30-->src\main\AndroidManifest.xml:9:9-43
31        android:label="@string/app_name"
31-->src\main\AndroidManifest.xml:10:9-41
32        android:roundIcon="@mipmap/ic_launcher_round"
32-->src\main\AndroidManifest.xml:11:9-54
33        android:supportsRtl="true"
33-->src\main\AndroidManifest.xml:12:9-35
34        android:testOnly="true"
35        android:theme="@style/Theme.ProjectHK1_20232024" >
35-->src\main\AndroidManifest.xml:13:9-57
36        <activity
36-->src\main\AndroidManifest.xml:15:9-23:20
37            android:name="com.example.projecthk1_2023_2024.NvKho.NvkActivity"
37-->src\main\AndroidManifest.xml:16:13-46
38            android:exported="true" >
38-->src\main\AndroidManifest.xml:17:13-36
39            <intent-filter>
39-->src\main\AndroidManifest.xml:18:13-22:29
40                <action android:name="android.intent.action.MAIN" />
40-->src\main\AndroidManifest.xml:19:17-69
40-->src\main\AndroidManifest.xml:19:25-66
41
42                <category android:name="android.intent.category.LAUNCHER" />
42-->src\main\AndroidManifest.xml:21:17-77
42-->src\main\AndroidManifest.xml:21:27-74
43            </intent-filter>
44        </activity>
45        <activity
45-->src\main\AndroidManifest.xml:25:9-27:39
46            android:name="com.example.projecthk1_2023_2024.NvKho.NvkFragMain"
46-->src\main\AndroidManifest.xml:26:13-46
47            android:exported="true" />
47-->src\main\AndroidManifest.xml:27:13-36
48        <activity
48-->src\main\AndroidManifest.xml:28:9-30:39
49            android:name="com.example.projecthk1_2023_2024.NvKho.AcountActivity"
49-->src\main\AndroidManifest.xml:29:13-49
50            android:exported="true" />
50-->src\main\AndroidManifest.xml:30:13-36
51        <activity
51-->src\main\AndroidManifest.xml:31:9-33:39
52            android:name="com.example.projecthk1_2023_2024.NvKho.EditAcountActivity"
52-->src\main\AndroidManifest.xml:32:13-53
53            android:exported="true" />
53-->src\main\AndroidManifest.xml:33:13-36
54        <activity
54-->src\main\AndroidManifest.xml:34:9-36:39
55            android:name="com.example.projecthk1_2023_2024.NvKho.Func_PlaceActivity"
55-->src\main\AndroidManifest.xml:35:13-53
56            android:exported="true" />
56-->src\main\AndroidManifest.xml:36:13-36
57        <activity
57-->src\main\AndroidManifest.xml:37:9-39:39
58            android:name="com.example.projecthk1_2023_2024.NvKho.Func_qlNhapHang"
58-->src\main\AndroidManifest.xml:38:13-50
59            android:exported="true" />
59-->src\main\AndroidManifest.xml:39:13-36
60        <activity
60-->src\main\AndroidManifest.xml:40:9-42:39
61            android:name="com.example.projecthk1_2023_2024.NvKho.Func_qlXuatHang"
61-->src\main\AndroidManifest.xml:41:13-50
62            android:exported="true" />
62-->src\main\AndroidManifest.xml:42:13-36
63        <activity
63-->src\main\AndroidManifest.xml:43:9-45:39
64            android:name="com.example.projecthk1_2023_2024.NvKho.NvkFragHome"
64-->src\main\AndroidManifest.xml:44:13-46
65            android:exported="true" />
65-->src\main\AndroidManifest.xml:45:13-36
66        <activity
66-->src\main\AndroidManifest.xml:46:9-48:39
67            android:name="com.example.projecthk1_2023_2024.NvKho.NvkFragNotice"
67-->src\main\AndroidManifest.xml:47:13-48
68            android:exported="true" />
68-->src\main\AndroidManifest.xml:48:13-36
69        <activity
69-->src\main\AndroidManifest.xml:49:9-51:39
70            android:name="com.example.projecthk1_2023_2024.NvKho.NvkFragReport"
70-->src\main\AndroidManifest.xml:50:13-48
71            android:exported="true" />
71-->src\main\AndroidManifest.xml:51:13-36
72        <activity
72-->src\main\AndroidManifest.xml:52:9-54:39
73            android:name="com.example.projecthk1_2023_2024.NvKho.NvkFragSetting"
73-->src\main\AndroidManifest.xml:53:13-49
74            android:exported="true" />
74-->src\main\AndroidManifest.xml:54:13-36
75
76        <service
76-->[com.google.firebase:firebase-analytics-ktx:21.4.0] AndroidManifest.xml:8:9-14:19
77            android:name="com.google.firebase.components.ComponentDiscoveryService"
77-->[com.google.firebase:firebase-analytics-ktx:21.4.0] AndroidManifest.xml:9:13-84
78            android:directBootAware="true"
78-->[com.google.firebase:firebase-common:20.4.2] AndroidManifest.xml:32:13-43
79            android:exported="false" >
79-->[com.google.firebase:firebase-analytics-ktx:21.4.0] AndroidManifest.xml:10:13-37
80            <meta-data
80-->[com.google.firebase:firebase-analytics-ktx:21.4.0] AndroidManifest.xml:11:13-13:85
81                android:name="com.google.firebase.components:com.google.firebase.analytics.ktx.FirebaseAnalyticsLegacyRegistrar"
81-->[com.google.firebase:firebase-analytics-ktx:21.4.0] AndroidManifest.xml:12:17-129
82                android:value="com.google.firebase.components.ComponentRegistrar" />
82-->[com.google.firebase:firebase-analytics-ktx:21.4.0] AndroidManifest.xml:13:17-82
83            <meta-data
83-->[com.google.firebase:firebase-auth:22.2.0] AndroidManifest.xml:69:13-71:85
84                android:name="com.google.firebase.components:com.google.firebase.auth.FirebaseAuthRegistrar"
84-->[com.google.firebase:firebase-auth:22.2.0] AndroidManifest.xml:70:17-109
85                android:value="com.google.firebase.components.ComponentRegistrar" />
85-->[com.google.firebase:firebase-auth:22.2.0] AndroidManifest.xml:71:17-82
86            <meta-data
86-->[com.google.firebase:firebase-firestore:24.9.0] AndroidManifest.xml:17:13-19:85
87                android:name="com.google.firebase.components:com.google.firebase.firestore.FirebaseFirestoreKtxRegistrar"
87-->[com.google.firebase:firebase-firestore:24.9.0] AndroidManifest.xml:18:17-122
88                android:value="com.google.firebase.components.ComponentRegistrar" />
88-->[com.google.firebase:firebase-firestore:24.9.0] AndroidManifest.xml:19:17-82
89            <meta-data
89-->[com.google.firebase:firebase-firestore:24.9.0] AndroidManifest.xml:20:13-22:85
90                android:name="com.google.firebase.components:com.google.firebase.firestore.FirestoreRegistrar"
90-->[com.google.firebase:firebase-firestore:24.9.0] AndroidManifest.xml:21:17-111
91                android:value="com.google.firebase.components.ComponentRegistrar" />
91-->[com.google.firebase:firebase-firestore:24.9.0] AndroidManifest.xml:22:17-82
92            <meta-data
92-->[com.google.firebase:firebase-storage:20.3.0] AndroidManifest.xml:30:13-32:85
93                android:name="com.google.firebase.components:com.google.firebase.storage.FirebaseStorageKtxRegistrar"
93-->[com.google.firebase:firebase-storage:20.3.0] AndroidManifest.xml:31:17-118
94                android:value="com.google.firebase.components.ComponentRegistrar" />
94-->[com.google.firebase:firebase-storage:20.3.0] AndroidManifest.xml:32:17-82
95            <meta-data
95-->[com.google.firebase:firebase-storage:20.3.0] AndroidManifest.xml:33:13-35:85
96                android:name="com.google.firebase.components:com.google.firebase.storage.StorageRegistrar"
96-->[com.google.firebase:firebase-storage:20.3.0] AndroidManifest.xml:34:17-107
97                android:value="com.google.firebase.components.ComponentRegistrar" />
97-->[com.google.firebase:firebase-storage:20.3.0] AndroidManifest.xml:35:17-82
98            <meta-data
98-->[com.google.firebase:firebase-appcheck:17.1.0] AndroidManifest.xml:25:13-27:85
99                android:name="com.google.firebase.components:com.google.firebase.appcheck.FirebaseAppCheckKtxRegistrar"
99-->[com.google.firebase:firebase-appcheck:17.1.0] AndroidManifest.xml:26:17-120
100                android:value="com.google.firebase.components.ComponentRegistrar" />
100-->[com.google.firebase:firebase-appcheck:17.1.0] AndroidManifest.xml:27:17-82
101            <meta-data
101-->[com.google.firebase:firebase-appcheck:17.1.0] AndroidManifest.xml:28:13-30:85
102                android:name="com.google.firebase.components:com.google.firebase.appcheck.FirebaseAppCheckRegistrar"
102-->[com.google.firebase:firebase-appcheck:17.1.0] AndroidManifest.xml:29:17-117
103                android:value="com.google.firebase.components.ComponentRegistrar" />
103-->[com.google.firebase:firebase-appcheck:17.1.0] AndroidManifest.xml:30:17-82
104            <meta-data
104-->[com.google.android.gms:play-services-measurement-api:21.4.0] AndroidManifest.xml:31:13-33:85
105                android:name="com.google.firebase.components:com.google.firebase.analytics.connector.internal.AnalyticsConnectorRegistrar"
105-->[com.google.android.gms:play-services-measurement-api:21.4.0] AndroidManifest.xml:32:17-139
106                android:value="com.google.firebase.components.ComponentRegistrar" />
106-->[com.google.android.gms:play-services-measurement-api:21.4.0] AndroidManifest.xml:33:17-82
107            <meta-data
107-->[com.google.firebase:firebase-installations:17.2.0] AndroidManifest.xml:15:13-17:85
108                android:name="com.google.firebase.components:com.google.firebase.installations.FirebaseInstallationsKtxRegistrar"
108-->[com.google.firebase:firebase-installations:17.2.0] AndroidManifest.xml:16:17-130
109                android:value="com.google.firebase.components.ComponentRegistrar" />
109-->[com.google.firebase:firebase-installations:17.2.0] AndroidManifest.xml:17:17-82
110            <meta-data
110-->[com.google.firebase:firebase-installations:17.2.0] AndroidManifest.xml:18:13-20:85
111                android:name="com.google.firebase.components:com.google.firebase.installations.FirebaseInstallationsRegistrar"
111-->[com.google.firebase:firebase-installations:17.2.0] AndroidManifest.xml:19:17-127
112                android:value="com.google.firebase.components.ComponentRegistrar" />
112-->[com.google.firebase:firebase-installations:17.2.0] AndroidManifest.xml:20:17-82
113            <meta-data
113-->[com.google.firebase:firebase-common-ktx:20.4.2] AndroidManifest.xml:12:13-14:85
114                android:name="com.google.firebase.components:com.google.firebase.ktx.FirebaseCommonLegacyRegistrar"
114-->[com.google.firebase:firebase-common-ktx:20.4.2] AndroidManifest.xml:13:17-116
115                android:value="com.google.firebase.components.ComponentRegistrar" />
115-->[com.google.firebase:firebase-common-ktx:20.4.2] AndroidManifest.xml:14:17-82
116            <meta-data
116-->[com.google.firebase:firebase-common:20.4.2] AndroidManifest.xml:35:13-37:85
117                android:name="com.google.firebase.components:com.google.firebase.FirebaseCommonKtxRegistrar"
117-->[com.google.firebase:firebase-common:20.4.2] AndroidManifest.xml:36:17-109
118                android:value="com.google.firebase.components.ComponentRegistrar" />
118-->[com.google.firebase:firebase-common:20.4.2] AndroidManifest.xml:37:17-82
119        </service>
120
121        <activity
121-->[com.google.firebase:firebase-auth:22.2.0] AndroidManifest.xml:29:9-46:20
122            android:name="com.google.firebase.auth.internal.GenericIdpActivity"
122-->[com.google.firebase:firebase-auth:22.2.0] AndroidManifest.xml:30:13-80
123            android:excludeFromRecents="true"
123-->[com.google.firebase:firebase-auth:22.2.0] AndroidManifest.xml:31:13-46
124            android:exported="true"
124-->[com.google.firebase:firebase-auth:22.2.0] AndroidManifest.xml:32:13-36
125            android:launchMode="singleTask"
125-->[com.google.firebase:firebase-auth:22.2.0] AndroidManifest.xml:33:13-44
126            android:theme="@android:style/Theme.Translucent.NoTitleBar" >
126-->[com.google.firebase:firebase-auth:22.2.0] AndroidManifest.xml:34:13-72
127            <intent-filter>
127-->[com.google.firebase:firebase-auth:22.2.0] AndroidManifest.xml:35:13-45:29
128                <action android:name="android.intent.action.VIEW" />
128-->[com.google.firebase:firebase-auth:22.2.0] AndroidManifest.xml:36:17-69
128-->[com.google.firebase:firebase-auth:22.2.0] AndroidManifest.xml:36:25-66
129
130                <category android:name="android.intent.category.DEFAULT" />
130-->[com.google.firebase:firebase-auth:22.2.0] AndroidManifest.xml:38:17-76
130-->[com.google.firebase:firebase-auth:22.2.0] AndroidManifest.xml:38:27-73
131                <category android:name="android.intent.category.BROWSABLE" />
131-->[com.google.firebase:firebase-auth:22.2.0] AndroidManifest.xml:39:17-78
131-->[com.google.firebase:firebase-auth:22.2.0] AndroidManifest.xml:39:27-75
132
133                <data
133-->[com.google.firebase:firebase-auth:22.2.0] AndroidManifest.xml:41:17-44:51
134                    android:host="firebase.auth"
134-->[com.google.firebase:firebase-auth:22.2.0] AndroidManifest.xml:42:21-49
135                    android:path="/"
135-->[com.google.firebase:firebase-auth:22.2.0] AndroidManifest.xml:43:21-37
136                    android:scheme="genericidp" />
136-->[com.google.firebase:firebase-auth:22.2.0] AndroidManifest.xml:44:21-48
137            </intent-filter>
138        </activity>
139        <activity
139-->[com.google.firebase:firebase-auth:22.2.0] AndroidManifest.xml:47:9-64:20
140            android:name="com.google.firebase.auth.internal.RecaptchaActivity"
140-->[com.google.firebase:firebase-auth:22.2.0] AndroidManifest.xml:48:13-79
141            android:excludeFromRecents="true"
141-->[com.google.firebase:firebase-auth:22.2.0] AndroidManifest.xml:49:13-46
142            android:exported="true"
142-->[com.google.firebase:firebase-auth:22.2.0] AndroidManifest.xml:50:13-36
143            android:launchMode="singleTask"
143-->[com.google.firebase:firebase-auth:22.2.0] AndroidManifest.xml:51:13-44
144            android:theme="@android:style/Theme.Translucent.NoTitleBar" >
144-->[com.google.firebase:firebase-auth:22.2.0] AndroidManifest.xml:52:13-72
145            <intent-filter>
145-->[com.google.firebase:firebase-auth:22.2.0] AndroidManifest.xml:53:13-63:29
146                <action android:name="android.intent.action.VIEW" />
146-->[com.google.firebase:firebase-auth:22.2.0] AndroidManifest.xml:36:17-69
146-->[com.google.firebase:firebase-auth:22.2.0] AndroidManifest.xml:36:25-66
147
148                <category android:name="android.intent.category.DEFAULT" />
148-->[com.google.firebase:firebase-auth:22.2.0] AndroidManifest.xml:38:17-76
148-->[com.google.firebase:firebase-auth:22.2.0] AndroidManifest.xml:38:27-73
149                <category android:name="android.intent.category.BROWSABLE" />
149-->[com.google.firebase:firebase-auth:22.2.0] AndroidManifest.xml:39:17-78
149-->[com.google.firebase:firebase-auth:22.2.0] AndroidManifest.xml:39:27-75
150
151                <data
151-->[com.google.firebase:firebase-auth:22.2.0] AndroidManifest.xml:41:17-44:51
152                    android:host="firebase.auth"
152-->[com.google.firebase:firebase-auth:22.2.0] AndroidManifest.xml:42:21-49
153                    android:path="/"
153-->[com.google.firebase:firebase-auth:22.2.0] AndroidManifest.xml:43:21-37
154                    android:scheme="recaptcha" />
154-->[com.google.firebase:firebase-auth:22.2.0] AndroidManifest.xml:44:21-48
155            </intent-filter>
156        </activity>
157
158        <provider
158-->[com.google.firebase:firebase-common:20.4.2] AndroidManifest.xml:23:9-28:39
159            android:name="com.google.firebase.provider.FirebaseInitProvider"
159-->[com.google.firebase:firebase-common:20.4.2] AndroidManifest.xml:24:13-77
160            android:authorities="com.example.projecthk1_2023_2024.firebaseinitprovider"
160-->[com.google.firebase:firebase-common:20.4.2] AndroidManifest.xml:25:13-72
161            android:directBootAware="true"
161-->[com.google.firebase:firebase-common:20.4.2] AndroidManifest.xml:26:13-43
162            android:exported="false"
162-->[com.google.firebase:firebase-common:20.4.2] AndroidManifest.xml:27:13-37
163            android:initOrder="100" />
163-->[com.google.firebase:firebase-common:20.4.2] AndroidManifest.xml:28:13-36
164
165        <activity
165-->[com.google.android.gms:play-services-base:18.0.1] AndroidManifest.xml:20:9-22:45
166            android:name="com.google.android.gms.common.api.GoogleApiActivity"
166-->[com.google.android.gms:play-services-base:18.0.1] AndroidManifest.xml:20:19-85
167            android:exported="false"
167-->[com.google.android.gms:play-services-base:18.0.1] AndroidManifest.xml:22:19-43
168            android:theme="@android:style/Theme.Translucent.NoTitleBar" />
168-->[com.google.android.gms:play-services-base:18.0.1] AndroidManifest.xml:21:19-78
169
170        <receiver
170-->[com.google.android.gms:play-services-measurement:21.4.0] AndroidManifest.xml:29:9-33:20
171            android:name="com.google.android.gms.measurement.AppMeasurementReceiver"
171-->[com.google.android.gms:play-services-measurement:21.4.0] AndroidManifest.xml:30:13-85
172            android:enabled="true"
172-->[com.google.android.gms:play-services-measurement:21.4.0] AndroidManifest.xml:31:13-35
173            android:exported="false" >
173-->[com.google.android.gms:play-services-measurement:21.4.0] AndroidManifest.xml:32:13-37
174        </receiver>
175
176        <service
176-->[com.google.android.gms:play-services-measurement:21.4.0] AndroidManifest.xml:35:9-38:40
177            android:name="com.google.android.gms.measurement.AppMeasurementService"
177-->[com.google.android.gms:play-services-measurement:21.4.0] AndroidManifest.xml:36:13-84
178            android:enabled="true"
178-->[com.google.android.gms:play-services-measurement:21.4.0] AndroidManifest.xml:37:13-35
179            android:exported="false" />
179-->[com.google.android.gms:play-services-measurement:21.4.0] AndroidManifest.xml:38:13-37
180        <service
180-->[com.google.android.gms:play-services-measurement:21.4.0] AndroidManifest.xml:39:9-43:72
181            android:name="com.google.android.gms.measurement.AppMeasurementJobService"
181-->[com.google.android.gms:play-services-measurement:21.4.0] AndroidManifest.xml:40:13-87
182            android:enabled="true"
182-->[com.google.android.gms:play-services-measurement:21.4.0] AndroidManifest.xml:41:13-35
183            android:exported="false"
183-->[com.google.android.gms:play-services-measurement:21.4.0] AndroidManifest.xml:42:13-37
184            android:permission="android.permission.BIND_JOB_SERVICE" />
184-->[com.google.android.gms:play-services-measurement:21.4.0] AndroidManifest.xml:43:13-69
185
186        <uses-library
186-->[androidx.privacysandbox.ads:ads-adservices:1.0.0-beta05] AndroidManifest.xml:23:9-25:40
187            android:name="android.ext.adservices"
187-->[androidx.privacysandbox.ads:ads-adservices:1.0.0-beta05] AndroidManifest.xml:24:13-50
188            android:required="false" />
188-->[androidx.privacysandbox.ads:ads-adservices:1.0.0-beta05] AndroidManifest.xml:25:13-37
189
190        <provider
190-->[androidx.emoji2:emoji2:1.2.0] AndroidManifest.xml:24:9-32:20
191            android:name="androidx.startup.InitializationProvider"
191-->[androidx.emoji2:emoji2:1.2.0] AndroidManifest.xml:25:13-67
192            android:authorities="com.example.projecthk1_2023_2024.androidx-startup"
192-->[androidx.emoji2:emoji2:1.2.0] AndroidManifest.xml:26:13-68
193            android:exported="false" >
193-->[androidx.emoji2:emoji2:1.2.0] AndroidManifest.xml:27:13-37
194            <meta-data
194-->[androidx.emoji2:emoji2:1.2.0] AndroidManifest.xml:29:13-31:52
195                android:name="androidx.emoji2.text.EmojiCompatInitializer"
195-->[androidx.emoji2:emoji2:1.2.0] AndroidManifest.xml:30:17-75
196                android:value="androidx.startup" />
196-->[androidx.emoji2:emoji2:1.2.0] AndroidManifest.xml:31:17-49
197            <meta-data
197-->[androidx.lifecycle:lifecycle-process:2.6.1] AndroidManifest.xml:29:13-31:52
198                android:name="androidx.lifecycle.ProcessLifecycleInitializer"
198-->[androidx.lifecycle:lifecycle-process:2.6.1] AndroidManifest.xml:30:17-78
199                android:value="androidx.startup" />
199-->[androidx.lifecycle:lifecycle-process:2.6.1] AndroidManifest.xml:31:17-49
200            <meta-data
200-->[androidx.profileinstaller:profileinstaller:1.3.0] AndroidManifest.xml:29:13-31:52
201                android:name="androidx.profileinstaller.ProfileInstallerInitializer"
201-->[androidx.profileinstaller:profileinstaller:1.3.0] AndroidManifest.xml:30:17-85
202                android:value="androidx.startup" />
202-->[androidx.profileinstaller:profileinstaller:1.3.0] AndroidManifest.xml:31:17-49
203        </provider>
204
205        <meta-data
205-->[com.google.android.gms:play-services-basement:18.1.0] AndroidManifest.xml:21:9-23:69
206            android:name="com.google.android.gms.version"
206-->[com.google.android.gms:play-services-basement:18.1.0] AndroidManifest.xml:22:13-58
207            android:value="@integer/google_play_services_version" />
207-->[com.google.android.gms:play-services-basement:18.1.0] AndroidManifest.xml:23:13-66
208
209        <receiver
209-->[androidx.profileinstaller:profileinstaller:1.3.0] AndroidManifest.xml:34:9-52:20
210            android:name="androidx.profileinstaller.ProfileInstallReceiver"
210-->[androidx.profileinstaller:profileinstaller:1.3.0] AndroidManifest.xml:35:13-76
211            android:directBootAware="false"
211-->[androidx.profileinstaller:profileinstaller:1.3.0] AndroidManifest.xml:36:13-44
212            android:enabled="true"
212-->[androidx.profileinstaller:profileinstaller:1.3.0] AndroidManifest.xml:37:13-35
213            android:exported="true"
213-->[androidx.profileinstaller:profileinstaller:1.3.0] AndroidManifest.xml:38:13-36
214            android:permission="android.permission.DUMP" >
214-->[androidx.profileinstaller:profileinstaller:1.3.0] AndroidManifest.xml:39:13-57
215            <intent-filter>
215-->[androidx.profileinstaller:profileinstaller:1.3.0] AndroidManifest.xml:40:13-42:29
216                <action android:name="androidx.profileinstaller.action.INSTALL_PROFILE" />
216-->[androidx.profileinstaller:profileinstaller:1.3.0] AndroidManifest.xml:41:17-91
216-->[androidx.profileinstaller:profileinstaller:1.3.0] AndroidManifest.xml:41:25-88
217            </intent-filter>
218            <intent-filter>
218-->[androidx.profileinstaller:profileinstaller:1.3.0] AndroidManifest.xml:43:13-45:29
219                <action android:name="androidx.profileinstaller.action.SKIP_FILE" />
219-->[androidx.profileinstaller:profileinstaller:1.3.0] AndroidManifest.xml:44:17-85
219-->[androidx.profileinstaller:profileinstaller:1.3.0] AndroidManifest.xml:44:25-82
220            </intent-filter>
221            <intent-filter>
221-->[androidx.profileinstaller:profileinstaller:1.3.0] AndroidManifest.xml:46:13-48:29
222                <action android:name="androidx.profileinstaller.action.SAVE_PROFILE" />
222-->[androidx.profileinstaller:profileinstaller:1.3.0] AndroidManifest.xml:47:17-88
222-->[androidx.profileinstaller:profileinstaller:1.3.0] AndroidManifest.xml:47:25-85
223            </intent-filter>
224            <intent-filter>
224-->[androidx.profileinstaller:profileinstaller:1.3.0] AndroidManifest.xml:49:13-51:29
225                <action android:name="androidx.profileinstaller.action.BENCHMARK_OPERATION" />
225-->[androidx.profileinstaller:profileinstaller:1.3.0] AndroidManifest.xml:50:17-95
225-->[androidx.profileinstaller:profileinstaller:1.3.0] AndroidManifest.xml:50:25-92
226            </intent-filter>
227        </receiver>
228    </application>
229
230</manifest>